[debug] [2025-04-10T15:41:54.655Z] ----------------------------------------------------------------------
[debug] [2025-04-10T15:41:54.661Z] Command:       /usr/local/bin/node /usr/local/bin/firebase init functions
[debug] [2025-04-10T15:41:54.661Z] CLI Version:   14.1.0
[debug] [2025-04-10T15:41:54.661Z] Platform:      darwin
[debug] [2025-04-10T15:41:54.661Z] Node Version:  v22.14.0
[debug] [2025-04-10T15:41:54.662Z] Time:          Thu Apr 10 2025 09:41:54 GMT-0600 (Mountain Daylight Time)
[debug] [2025-04-10T15:41:54.662Z] ----------------------------------------------------------------------
[debug] 
[debug] [2025-04-10T15:41:54.663Z] >>> [apiv2][query] GET https://firebase-public.firebaseio.com/cli.json [none]
[debug] [2025-04-10T15:41:54.775Z] > command requires scopes: ["email","openid","https://www.googleapis.com/auth/cloudplatformprojects.readonly","https://www.googleapis.com/auth/firebase","https://www.googleapis.com/auth/cloud-platform"]
[debug] [2025-04-10T15:41:54.776Z] > authorizing via signed-in user (houston.mark.w@gmail.com)
[info] 
     ######## #### ########  ######## ########     ###     ######  ########
     ##        ##  ##     ## ##       ##     ##  ##   ##  ##       ##
     ######    ##  ########  ######   ########  #########  ######  ######
     ##        ##  ##    ##  ##       ##     ## ##     ##       ## ##
     ##       #### ##     ## ######## ########  ##     ##  ######  ########

You're about to initialize a Firebase project in this directory:

  /Users/markhouston/Library/Mobile Documents/com~apple~CloudDocs/BMAI/BMAI_Functions

Before we get started, keep in mind:

  * You are initializing within an existing Firebase project directory

[info] 
=== Project Setup
[info] 
[info] First, let's associate this project directory with a Firebase project.
[info] You can create multiple project aliases by running firebase use --add, 
[info] but for now we'll just set up a default project.
[info] 
[debug] [2025-04-10T15:41:54.777Z] Using project from CLI flag: bible-mentor-ai-app
[debug] [2025-04-10T15:41:54.777Z] Checked if tokens are valid: false, expires at: 1744059852809
[debug] [2025-04-10T15:41:54.777Z] Checked if tokens are valid: false, expires at: 1744059852809
[debug] [2025-04-10T15:41:54.777Z] > refreshing access token with scopes: []
[debug] [2025-04-10T15:41:54.777Z] >>> [apiv2][query] POST https://www.googleapis.com/oauth2/v3/token [none]
[debug] [2025-04-10T15:41:54.777Z] >>> [apiv2][body] POST https://www.googleapis.com/oauth2/v3/token [omitted]
[debug] [2025-04-10T15:41:54.992Z] <<< [apiv2][status] POST https://www.googleapis.com/oauth2/v3/token 200
[debug] [2025-04-10T15:41:54.992Z] <<< [apiv2][body] POST https://www.googleapis.com/oauth2/v3/token [omitted]
[debug] [2025-04-10T15:41:55.012Z] >>> [apiv2][query] GET https://firebase.googleapis.com/v1beta1/projects/bible-mentor-ai-app [none]
[debug] [2025-04-10T15:41:55.304Z] <<< [apiv2][status] GET https://firebase.googleapis.com/v1beta1/projects/bible-mentor-ai-app 200
[debug] [2025-04-10T15:41:55.305Z] <<< [apiv2][body] GET https://firebase.googleapis.com/v1beta1/projects/bible-mentor-ai-app {"projectId":"bible-mentor-ai-app","projectNumber":"451476402934","displayName":"bible-mentor-ai-app","name":"projects/bible-mentor-ai-app","resources":{"hostingSite":"bible-mentor-ai-app"},"state":"ACTIVE","etag":"1_0b643fb4-f5c3-4a32-9d7b-e16f2c0eb2df"}
[info] i  Using project bible-mentor-ai-app (bible-mentor-ai-app) 
[info] 
=== Functions Setup
[debug] [2025-04-10T15:41:55.312Z] > command requires scopes: ["email","openid","https://www.googleapis.com/auth/cloudplatformprojects.readonly","https://www.googleapis.com/auth/firebase","https://www.googleapis.com/auth/cloud-platform"]
[debug] [2025-04-10T15:41:55.312Z] > authorizing via signed-in user (houston.mark.w@gmail.com)
[debug] [2025-04-10T15:41:55.313Z] [iam] checking project bible-mentor-ai-app for permissions ["firebase.projects.get"]
[debug] [2025-04-10T15:41:55.313Z] Checked if tokens are valid: true, expires at: 1744303313992
[debug] [2025-04-10T15:41:55.313Z] Checked if tokens are valid: true, expires at: 1744303313992
[debug] [2025-04-10T15:41:55.313Z] >>> [apiv2][query] POST https://cloudresourcemanager.googleapis.com/v1/projects/bible-mentor-ai-app:testIamPermissions [none]
[debug] [2025-04-10T15:41:55.313Z] >>> [apiv2][(partial)header] POST https://cloudresourcemanager.googleapis.com/v1/projects/bible-mentor-ai-app:testIamPermissions x-goog-quota-user=projects/bible-mentor-ai-app
[debug] [2025-04-10T15:41:55.313Z] >>> [apiv2][body] POST https://cloudresourcemanager.googleapis.com/v1/projects/bible-mentor-ai-app:testIamPermissions {"permissions":["firebase.projects.get"]}
[debug] [2025-04-10T15:41:55.529Z] <<< [apiv2][status] POST https://cloudresourcemanager.googleapis.com/v1/projects/bible-mentor-ai-app:testIamPermissions 200
[debug] [2025-04-10T15:41:55.529Z] <<< [apiv2][body] POST https://cloudresourcemanager.googleapis.com/v1/projects/bible-mentor-ai-app:testIamPermissions {"permissions":["firebase.projects.get"]}
[debug] [2025-04-10T15:41:55.530Z] Checked if tokens are valid: true, expires at: 1744303313992
[debug] [2025-04-10T15:41:55.530Z] Checked if tokens are valid: true, expires at: 1744303313992
[debug] [2025-04-10T15:41:55.530Z] Checked if tokens are valid: true, expires at: 1744303313992
[debug] [2025-04-10T15:41:55.530Z] Checked if tokens are valid: true, expires at: 1744303313992
[debug] [2025-04-10T15:41:55.531Z] >>> [apiv2][query] GET https://serviceusage.googleapis.com/v1/projects/bible-mentor-ai-app/services/cloudfunctions.googleapis.com [none]
[debug] [2025-04-10T15:41:55.531Z] >>> [apiv2][(partial)header] GET https://serviceusage.googleapis.com/v1/projects/bible-mentor-ai-app/services/cloudfunctions.googleapis.com x-goog-quota-user=projects/bible-mentor-ai-app
[debug] [2025-04-10T15:41:55.533Z] >>> [apiv2][query] GET https://serviceusage.googleapis.com/v1/projects/bible-mentor-ai-app/services/runtimeconfig.googleapis.com [none]
[debug] [2025-04-10T15:41:55.533Z] >>> [apiv2][(partial)header] GET https://serviceusage.googleapis.com/v1/projects/bible-mentor-ai-app/services/runtimeconfig.googleapis.com x-goog-quota-user=projects/bible-mentor-ai-app
[debug] [2025-04-10T15:41:55.732Z] <<< [apiv2][status] GET https://firebase-public.firebaseio.com/cli.json 200
[debug] [2025-04-10T15:41:55.732Z] <<< [apiv2][body] GET https://firebase-public.firebaseio.com/cli.json {"cloudBuildErrorAfter":1594252800000,"cloudBuildWarnAfter":1590019200000,"defaultNode10After":1594252800000,"minVersion":"3.0.5","node8DeploysDisabledAfter":1613390400000,"node8RuntimeDisabledAfter":1615809600000,"node8WarnAfter":1600128000000}
[debug] [2025-04-10T15:41:56.038Z] <<< [apiv2][status] GET https://serviceusage.googleapis.com/v1/projects/bible-mentor-ai-app/services/runtimeconfig.googleapis.com 200
[debug] [2025-04-10T15:41:56.038Z] <<< [apiv2][body] GET https://serviceusage.googleapis.com/v1/projects/bible-mentor-ai-app/services/runtimeconfig.googleapis.com [omitted]
[debug] [2025-04-10T15:41:56.039Z] <<< [apiv2][status] GET https://serviceusage.googleapis.com/v1/projects/bible-mentor-ai-app/services/cloudfunctions.googleapis.com 200
[debug] [2025-04-10T15:41:56.040Z] <<< [apiv2][body] GET https://serviceusage.googleapis.com/v1/projects/bible-mentor-ai-app/services/cloudfunctions.googleapis.com [omitted]
[info] 
Detected existing codebase(s): default

